<?xml version="1.0" encoding="UTF-8"?>
<testng-results ignored="0" total="5" passed="5" failed="0" skipped="0">
  <reporter-output>
  </reporter-output>
  <suite started-at="2023-08-11T13:20:24 CDT" name="Default suite" finished-at="2023-08-11T13:21:57 CDT" duration-ms="93074">
    <groups>
      <group name="cucumber">
        <method signature="AbstractTestNGCucumberTests.runScenario(io.cucumber.testng.PickleWrapper,io.cucumber.testng.FeatureWrapper)[pri:0, instance:com.automation.runners.SalesforceRunner@1ffaf86]" name="runScenario" class="io.cucumber.testng.AbstractTestNGCucumberTests"/>
      </group> <!-- cucumber -->
    </groups>
    <test started-at="2023-08-11T13:20:24 CDT" name="Default test" finished-at="2023-08-11T13:21:57 CDT" duration-ms="93074">
      <class name="com.automation.runners.SalesforceRunner">
        <test-method is-config="true" signature="setUpClass(org.testng.ITestContext)[pri:0, instance:com.automation.runners.SalesforceRunner@1ffaf86]" started-at="2023-08-11T13:20:24 CDT" name="setUpClass" finished-at="2023-08-11T13:20:25 CDT" duration-ms="449" status="PASS">
          <params>
            <param index="0">
              <value>
                <![CDATA[org.testng.TestRunner@1218e12]]>
              </value>
            </param>
          </params>
          <reporter-output>
          </reporter-output>
        </test-method> <!-- setUpClass -->
        <test-method signature="runScenario(io.cucumber.testng.PickleWrapper,io.cucumber.testng.FeatureWrapper)[pri:0, instance:com.automation.runners.SalesforceRunner@1ffaf86]" started-at="2023-08-11T13:20:25 CDT" name="runScenario" description="Runs Cucumber Scenarios" data-provider="scenarios" finished-at="2023-08-11T13:20:41 CDT" duration-ms="16531" status="PASS">
          <params>
            <param index="0">
              <value>
                <![CDATA["Add a view unique name in contacts page"]]>
              </value>
            </param>
            <param index="1">
              <value>
                <![CDATA["Contacts Page Feature"]]>
              </value>
            </param>
          </params>
          <reporter-output>
          </reporter-output>
        </test-method> <!-- runScenario -->
        <test-method signature="runScenario(io.cucumber.testng.PickleWrapper,io.cucumber.testng.FeatureWrapper)[pri:0, instance:com.automation.runners.SalesforceRunner@1ffaf86]" started-at="2023-08-11T13:20:41 CDT" name="runScenario" description="Runs Cucumber Scenarios" data-provider="scenarios" finished-at="2023-08-11T13:20:52 CDT" duration-ms="10955" status="PASS">
          <params>
            <param index="0">
              <value>
                <![CDATA["Cancel click in create new contacts in contacts page"]]>
              </value>
            </param>
            <param index="1">
              <value>
                <![CDATA["Contacts Page Feature"]]>
              </value>
            </param>
          </params>
          <reporter-output>
          </reporter-output>
        </test-method> <!-- runScenario -->
        <test-method signature="runScenario(io.cucumber.testng.PickleWrapper,io.cucumber.testng.FeatureWrapper)[pri:0, instance:com.automation.runners.SalesforceRunner@1ffaf86]" started-at="2023-08-11T13:20:52 CDT" name="runScenario" description="Runs Cucumber Scenarios" data-provider="scenarios" finished-at="2023-08-11T13:21:02 CDT" duration-ms="9549" status="PASS">
          <params>
            <param index="0">
              <value>
                <![CDATA["Select Recently Created Option in recently Modified popup"]]>
              </value>
            </param>
            <param index="1">
              <value>
                <![CDATA["Contacts Page Feature"]]>
              </value>
            </param>
          </params>
          <reporter-output>
          </reporter-output>
        </test-method> <!-- runScenario -->
        <test-method signature="runScenario(io.cucumber.testng.PickleWrapper,io.cucumber.testng.FeatureWrapper)[pri:0, instance:com.automation.runners.SalesforceRunner@1ffaf86]" started-at="2023-08-11T13:21:02 CDT" name="runScenario" description="Runs Cucumber Scenarios" data-provider="scenarios" finished-at="2023-08-11T13:21:13 CDT" duration-ms="11431" status="PASS">
          <params>
            <param index="0">
              <value>
                <![CDATA["Login with valid user and valid password"]]>
              </value>
            </param>
            <param index="1">
              <value>
                <![CDATA["Login into salesforce application"]]>
              </value>
            </param>
          </params>
          <reporter-output>
          </reporter-output>
        </test-method> <!-- runScenario -->
        <test-method signature="runScenario(io.cucumber.testng.PickleWrapper,io.cucumber.testng.FeatureWrapper)[pri:0, instance:com.automation.runners.SalesforceRunner@1ffaf86]" started-at="2023-08-11T13:21:13 CDT" name="runScenario" description="Runs Cucumber Scenarios" data-provider="scenarios" finished-at="2023-08-11T13:21:57 CDT" duration-ms="44111" status="PASS">
          <params>
            <param index="0">
              <value>
                <![CDATA["Add phone number in user profile page and click saveall button"]]>
              </value>
            </param>
            <param index="1">
              <value>
                <![CDATA["Add phone number in user profile and save"]]>
              </value>
            </param>
          </params>
          <reporter-output>
          </reporter-output>
        </test-method> <!-- runScenario -->
        <test-method is-config="true" signature="tearDownClass()[pri:0, instance:com.automation.runners.SalesforceRunner@1ffaf86]" started-at="2023-08-11T13:21:57 CDT" name="tearDownClass" finished-at="2023-08-11T13:21:57 CDT" duration-ms="5" status="PASS">
          <reporter-output>
          </reporter-output>
        </test-method> <!-- tearDownClass -->
      </class> <!-- com.automation.runners.SalesforceRunner -->
    </test> <!-- Default test -->
  </suite> <!-- Default suite -->
</testng-results>
